[2025-07-10 01:01:19] INFO in SessionManager: Database container initialized
[2025-07-10 01:01:53] INFO in eventHandler: Bot connected successfully
[2025-07-10 01:02:33] INFO in SessionManager: Session backup created: lib/sessions/furina-bot-backup-2025-07-10_01-02-33.db
[2025-07-10 01:04:41] INFO in SessionManager: Database container initialized
[2025-07-10 01:04:51] INFO in SessionManager: Database container initialized
[2025-07-10 01:05:02] INFO in SessionManager: Session backup created: lib/sessions/furina-bot-backup-2025-07-10_01-05-02.db
[2025-07-10 01:05:45] INFO in SessionManager: Database container initialized
[2025-07-10 01:06:04] INFO in SessionManager: Database container initialized
[2025-07-10 01:06:36] INFO in eventHandler: Bot connected successfully
[2025-07-10 01:07:17] INFO in SessionManager: Session backup created: lib/sessions/furina-bot-backup-2025-07-10_01-07-17.db
[2025-07-10 01:09:22] INFO in SessionManager: Database container initialized
[2025-07-10 01:09:23] INFO in eventHandler: Bot connected successfully
[2025-07-10 01:11:22] INFO in SessionManager: Session backup created: lib/sessions/furina-bot-backup-2025-07-10_01-11-22.db
[2025-07-10 01:22:56] INFO in SessionManager: Database container initialized
[2025-07-10 01:22:57] INFO in eventHandler: Bot connected successfully
[2025-07-10 01:23:01] INFO in SessionManager: Session backup created: lib/sessions/furina-bot-backup-2025-07-10_01-23-01.db
[2025-07-10 01:26:31] INFO in SessionManager: Database container initialized
[2025-07-10 01:26:32] INFO in eventHandler: Bot connected successfully
[2025-07-10 01:29:33] INFO in eventHandler: Bot disconnected
[2025-07-10 01:29:35] INFO in eventHandler: Bot connected successfully
[2025-07-10 01:33:23] INFO in SessionManager: Session backup created: lib/sessions/furina-bot-backup-2025-07-10_01-33-23.db
[2025-07-10 04:45:44] INFO in SessionManager: Database container initialized
[2025-07-10 04:46:06] INFO in eventHandler: Bot connected successfully
[2025-07-10 04:46:23] INFO in eventHandler: Message from 6285179855248@s.whatsapp.net: !help
[2025-07-10 04:46:25] INFO in eventHandler: Message from 6285179855248@s.whatsapp.net: !ping
[2025-07-10 04:47:36] INFO in eventHandler: Bot disconnected
[2025-07-10 04:47:37] INFO in eventHandler: Bot connected successfully
[2025-07-10 04:47:38] INFO in eventHandler: Message from 6285179855248@s.whatsapp.net: !pong
[2025-07-10 04:47:46] INFO in eventHandler: Message from 6285179855248@s.whatsapp.net: !commands
[2025-07-10 04:47:58] INFO in eventHandler: Bot disconnected
[2025-07-10 04:47:59] INFO in SessionManager: Session backup created: lib/sessions/furina-bot-backup-2025-07-10_04-47-59.db
[2025-07-10 09:53:11] INFO in SessionManager: Database container initialized
[2025-07-10 09:53:12] INFO in eventHandler: Bot connected successfully
[2025-07-10 09:53:22] INFO in eventHandler: Message from 6285179855248@s.whatsapp.net: !menu
[2025-07-10 09:55:37] INFO in eventHandler: Bot disconnected
[2025-07-10 09:55:38] INFO in eventHandler: Bot connected successfully
[2025-07-10 09:59:36] INFO in SessionManager: Database container initialized
[2025-07-10 09:59:38] INFO in eventHandler: Bot connected successfully
[2025-07-10 10:00:33] INFO in eventHandler: Message from 6285179855248@s.whatsapp.net: !menu
[2025-07-10 10:03:07] INFO in SessionManager: Database container initialized
[2025-07-10 10:03:08] INFO in eventHandler: Bot connected successfully
[2025-07-10 10:03:15] INFO in eventHandler: Message from 6285179855248@s.whatsapp.net: !menu
[2025-07-10 10:03:43] INFO in eventHandler: Message from 6285179855248@s.whatsapp.net: !ping
[2025-07-10 10:13:03] INFO in SessionManager: Database container initialized
[2025-07-10 10:13:05] INFO in eventHandler: Bot connected successfully
[2025-07-10 10:13:22] INFO in eventHandler: Message from 6285179855248@s.whatsapp.net: !ping
[2025-07-10 10:13:38] INFO in eventHandler: Message from 6285179855248@s.whatsapp.net: !menu
[2025-07-10 10:26:23] INFO in SessionManager: Database container initialized
[2025-07-10 10:26:25] INFO in eventHandler: Bot connected successfully
[2025-07-10 10:26:45] INFO in eventHandler: Message from 6285179855248@s.whatsapp.net: !menu
